2023-11-04 17:03:06,674 - ERROR - Error processing the TXT file Data\3. Resultados Saber11\Data_Icfes_SABER11_2022-1_v2.TXT. Error message: read_csv() got an unexpected keyword argument 'warn_bad_lines'
2023-11-04 17:03:06,725 - ERROR - Error processing the TXT file Data\3. Resultados Saber11\SB11_20001.txt. Error message: read_csv() got an unexpected keyword argument 'warn_bad_lines'
2023-11-04 17:03:06,982 - ERROR - Error processing the TXT file Data\3. Resultados Saber11\SB11_20002.txt. Error message: read_csv() got an unexpected keyword argument 'warn_bad_lines'
2023-11-04 17:03:07,058 - ERROR - Error processing the TXT file Data\3. Resultados Saber11\SB11_20011.txt. Error message: read_csv() got an unexpected keyword argument 'warn_bad_lines'
2023-11-04 17:03:07,287 - ERROR - Error processing the TXT file Data\3. Resultados Saber11\SB11_20012.txt. Error message: read_csv() got an unexpected keyword argument 'warn_bad_lines'
2023-11-04 17:03:07,335 - ERROR - Error processing the TXT file Data\3. Resultados Saber11\SB11_20021.txt. Error message: read_csv() got an unexpected keyword argument 'warn_bad_lines'
2023-11-04 17:03:07,618 - ERROR - Error processing the TXT file Data\3. Resultados Saber11\SB11_20022.txt. Error message: read_csv() got an unexpected keyword argument 'warn_bad_lines'
2023-11-04 17:03:07,885 - ERROR - Error processing the TXT file Data\3. Resultados Saber11\SB11_20032.txt. Error message: read_csv() got an unexpected keyword argument 'warn_bad_lines'
2023-11-04 17:03:07,941 - ERROR - Error processing the TXT file Data\3. Resultados Saber11\SB11_20041.txt. Error message: read_csv() got an unexpected keyword argument 'warn_bad_lines'
2023-11-04 17:03:08,185 - ERROR - Error processing the TXT file Data\3. Resultados Saber11\SB11_20042.txt. Error message: read_csv() got an unexpected keyword argument 'warn_bad_lines'
2023-11-04 17:03:08,254 - ERROR - Error processing the TXT file Data\3. Resultados Saber11\SB11_20051.txt. Error message: read_csv() got an unexpected keyword argument 'warn_bad_lines'
2023-11-04 17:03:08,718 - ERROR - Error processing the TXT file Data\3. Resultados Saber11\SB11_20052.txt. Error message: read_csv() got an unexpected keyword argument 'warn_bad_lines'
2023-11-04 17:03:08,818 - ERROR - Error processing the TXT file Data\3. Resultados Saber11\SB11_20061.txt. Error message: read_csv() got an unexpected keyword argument 'warn_bad_lines'
2023-11-04 17:03:09,650 - ERROR - Error processing the TXT file Data\3. Resultados Saber11\SB11_20062.txt. Error message: read_csv() got an unexpected keyword argument 'warn_bad_lines'
2023-11-04 17:03:09,769 - ERROR - Error processing the TXT file Data\3. Resultados Saber11\SB11_20071.txt. Error message: read_csv() got an unexpected keyword argument 'warn_bad_lines'
2023-11-04 17:03:10,553 - ERROR - Error processing the TXT file Data\3. Resultados Saber11\SB11_20072.txt. Error message: read_csv() got an unexpected keyword argument 'warn_bad_lines'
2023-11-04 17:03:10,670 - ERROR - Error processing the TXT file Data\3. Resultados Saber11\SB11_20081.txt. Error message: read_csv() got an unexpected keyword argument 'warn_bad_lines'
2023-11-04 17:03:11,470 - ERROR - Error processing the TXT file Data\3. Resultados Saber11\SB11_20082.txt. Error message: read_csv() got an unexpected keyword argument 'warn_bad_lines'
2023-11-04 17:03:11,621 - ERROR - Error processing the TXT file Data\3. Resultados Saber11\SB11_20091.txt. Error message: read_csv() got an unexpected keyword argument 'warn_bad_lines'
2023-11-04 17:03:12,805 - ERROR - Error processing the TXT file Data\3. Resultados Saber11\SB11_20092.txt. Error message: read_csv() got an unexpected keyword argument 'warn_bad_lines'
2023-11-04 17:03:12,893 - ERROR - Error processing the TXT file Data\3. Resultados Saber11\SB11_20101.txt. Error message: read_csv() got an unexpected keyword argument 'warn_bad_lines'
2023-11-04 17:03:14,275 - ERROR - Error processing the TXT file Data\3. Resultados Saber11\SB11_20102.txt. Error message: read_csv() got an unexpected keyword argument 'warn_bad_lines'
2023-11-04 17:03:14,375 - ERROR - Error processing the TXT file Data\3. Resultados Saber11\SB11_20111.txt. Error message: read_csv() got an unexpected keyword argument 'warn_bad_lines'
2023-11-04 17:03:15,625 - ERROR - Error processing the TXT file Data\3. Resultados Saber11\SB11_20112.txt. Error message: read_csv() got an unexpected keyword argument 'warn_bad_lines'
2023-11-04 17:03:15,708 - ERROR - Error processing the TXT file Data\3. Resultados Saber11\SB11_20121.TXT. Error message: read_csv() got an unexpected keyword argument 'warn_bad_lines'
2023-11-04 17:03:17,076 - ERROR - Error processing the TXT file Data\3. Resultados Saber11\SB11_20122.txt. Error message: read_csv() got an unexpected keyword argument 'warn_bad_lines'
2023-11-04 17:03:17,159 - ERROR - Error processing the TXT file Data\3. Resultados Saber11\SB11_20131.TXT. Error message: read_csv() got an unexpected keyword argument 'warn_bad_lines'
2023-11-04 17:03:19,288 - ERROR - Error processing the TXT file Data\3. Resultados Saber11\SB11_20132.TXT. Error message: read_csv() got an unexpected keyword argument 'warn_bad_lines'
2023-11-04 17:03:19,392 - ERROR - Error processing the TXT file Data\3. Resultados Saber11\SB11_20141.TXT. Error message: read_csv() got an unexpected keyword argument 'warn_bad_lines'
2023-11-04 17:03:21,313 - ERROR - Error processing the TXT file Data\3. Resultados Saber11\SB11_20142.TXT. Error message: read_csv() got an unexpected keyword argument 'warn_bad_lines'
2023-11-04 17:03:21,380 - ERROR - Error processing the TXT file Data\3. Resultados Saber11\SB11_20151.txt. Error message: read_csv() got an unexpected keyword argument 'warn_bad_lines'
2023-11-04 17:03:22,719 - ERROR - Error processing the TXT file Data\3. Resultados Saber11\SB11_20152.txt. Error message: read_csv() got an unexpected keyword argument 'warn_bad_lines'
2023-11-04 17:03:22,749 - ERROR - Error processing the TXT file Data\3. Resultados Saber11\SB11_20161.TXT. Error message: read_csv() got an unexpected keyword argument 'warn_bad_lines'
2023-11-04 17:03:24,003 - ERROR - Error processing the TXT file Data\3. Resultados Saber11\SB11_20162.TXT. Error message: read_csv() got an unexpected keyword argument 'warn_bad_lines'
2023-11-04 17:03:24,039 - ERROR - Error processing the TXT file Data\3. Resultados Saber11\SB11_20171.TXT. Error message: read_csv() got an unexpected keyword argument 'warn_bad_lines'
2023-11-04 17:03:25,337 - ERROR - Error processing the TXT file Data\3. Resultados Saber11\SB11_20172.TXT. Error message: read_csv() got an unexpected keyword argument 'warn_bad_lines'
2023-11-04 17:03:25,370 - ERROR - Error processing the TXT file Data\3. Resultados Saber11\SB11_20181.TXT. Error message: read_csv() got an unexpected keyword argument 'warn_bad_lines'
2023-11-04 17:03:26,838 - ERROR - Error processing the TXT file Data\3. Resultados Saber11\SB11_20182.TXT. Error message: read_csv() got an unexpected keyword argument 'warn_bad_lines'
2023-11-04 17:03:26,889 - ERROR - Error processing the TXT file Data\3. Resultados Saber11\SB11_20191_.txt. Error message: read_csv() got an unexpected keyword argument 'warn_bad_lines'
2023-11-04 17:03:28,337 - ERROR - Error processing the TXT file Data\3. Resultados Saber11\SB11_20192.TXT. Error message: read_csv() got an unexpected keyword argument 'warn_bad_lines'
2023-11-04 17:03:28,391 - ERROR - Error processing the TXT file Data\3. Resultados Saber11\SB11_20201.txt. Error message: read_csv() got an unexpected keyword argument 'warn_bad_lines'
2023-11-04 17:03:29,705 - ERROR - Error processing the TXT file Data\3. Resultados Saber11\SB11_20202.txt. Error message: read_csv() got an unexpected keyword argument 'warn_bad_lines'
2023-11-04 17:03:29,741 - ERROR - Error processing the TXT file Data\3. Resultados Saber11\SB11_20211.txt. Error message: read_csv() got an unexpected keyword argument 'warn_bad_lines'
2023-11-04 17:03:31,141 - ERROR - Error processing the TXT file Data\3. Resultados Saber11\SB11_20212.txt. Error message: read_csv() got an unexpected keyword argument 'warn_bad_lines'
2023-11-04 17:03:32,440 - ERROR - Error processing the TXT file Data\3. Resultados Saber11\SB11_20222.TXT. Error message: read_csv() got an unexpected keyword argument 'warn_bad_lines'
2023-11-04 17:03:32,507 - ERROR - Error processing the CSV file Data\Colombia 2020\2020\homicidios\homicidiosActiv_hecho.csv. Error message: 'DataFrame' object has no attribute 'append'
2023-11-04 17:03:32,562 - ERROR - Error processing the CSV file Data\Colombia 2020\2020\homicidios\homicidiosAncestro_Racial.csv. Error message: 'DataFrame' object has no attribute 'append'
2023-11-04 17:03:32,608 - ERROR - Error processing the CSV file Data\Colombia 2020\2020\homicidios\homicidiosCiclo_Vital.csv. Error message: 'DataFrame' object has no attribute 'append'
2023-11-04 17:03:32,624 - ERROR - Error processing CSV files in Data\Colombia 2020\2020\homicidios\homicidiosCircunstancia_Hecho.csv. Error: Error tokenizing data. C error: Expected 2 fields in line 1412, saw 3

2023-11-04 17:03:32,628 - ERROR - Error processing the CSV file Data\Colombia 2020\2020\homicidios\homicidiosCircunstancia_Hecho.csv. Error message: 'DataFrame' object has no attribute 'append'
2023-11-04 17:03:32,661 - ERROR - Error processing the CSV file Data\Colombia 2020\2020\homicidios\homicidiosdía_hecho.csv. Error message: 'DataFrame' object has no attribute 'append'
2023-11-04 17:03:32,674 - ERROR - Error processing the CSV file Data\Colombia 2020\2020\homicidios\homicidiosEdad.csv. Error message: 'DataFrame' object has no attribute 'append'
2023-11-04 17:03:32,741 - ERROR - Error processing the CSV file Data\Colombia 2020\2020\homicidios\homicidiosEdad_Judicial.csv. Error message: 'DataFrame' object has no attribute 'append'
2023-11-04 17:03:32,791 - ERROR - Error processing the CSV file Data\Colombia 2020\2020\homicidios\homicidiosEducación.csv. Error message: 'DataFrame' object has no attribute 'append'
2023-11-04 17:03:32,858 - ERROR - Error processing the CSV file Data\Colombia 2020\2020\homicidios\homicidiosEscenario_del_hecho.csv. Error message: 'DataFrame' object has no attribute 'append'
2023-11-04 17:03:32,910 - ERROR - Error processing the CSV file Data\Colombia 2020\2020\homicidios\homicidiosEstado_Civil.csv. Error message: 'DataFrame' object has no attribute 'append'
2023-11-04 17:03:32,991 - ERROR - Error processing the CSV file Data\Colombia 2020\2020\homicidios\homicidiosFactor_vulnerabilidad.csv. Error message: 'DataFrame' object has no attribute 'append'
2023-11-04 17:03:33,044 - ERROR - Error processing the CSV file Data\Colombia 2020\2020\homicidios\homicidioshora.csv. Error message: 'DataFrame' object has no attribute 'append'
2023-11-04 17:03:33,095 - ERROR - Error processing the CSV file Data\Colombia 2020\2020\homicidios\homicidiosMecanismo_causal.csv. Error message: 'DataFrame' object has no attribute 'append'
2023-11-04 17:03:33,144 - ERROR - Error processing the CSV file Data\Colombia 2020\2020\homicidios\homicidiosMes.csv. Error message: 'DataFrame' object has no attribute 'append'
2023-11-04 17:03:33,210 - ERROR - Error processing the CSV file Data\Colombia 2020\2020\homicidios\homicidiosNacimiento_Victima.csv. Error message: 'DataFrame' object has no attribute 'append'
2023-11-04 17:03:33,210 - ERROR - Error processing CSV files in Data\Colombia 2020\2020\homicidios\homicidiosPresunto_Agresor.csv. Error: Error tokenizing data. C error: Expected 1 fields in line 1222, saw 2

2023-11-04 17:03:33,210 - ERROR - Error processing the CSV file Data\Colombia 2020\2020\homicidios\homicidiosPresunto_Agresor.csv. Error message: 'DataFrame' object has no attribute 'append'
2023-11-04 17:03:33,274 - ERROR - Error processing the CSV file Data\Colombia 2020\2020\homicidios\homicidiosTipografía_Lesión.csv. Error message: 'DataFrame' object has no attribute 'append'
2023-11-04 17:03:33,312 - ERROR - Error processing the CSV file Data\Colombia 2020\2020\homicidios\homicidiosZona_de_hecho.csv. Error message: 'DataFrame' object has no attribute 'append'
2023-11-04 17:03:33,328 - ERROR - Error processing the CSV file Data\Colombia 2020\2020\suicidio\Ancestro_Racial.csv. Error message: 'DataFrame' object has no attribute 'append'
2023-11-04 17:03:33,359 - ERROR - Error processing the CSV file Data\Colombia 2020\2020\suicidio\Ciclo_vital.csv. Error message: 'DataFrame' object has no attribute 'append'
2023-11-04 17:03:33,395 - ERROR - Error processing the CSV file Data\Colombia 2020\2020\suicidio\edad.csv. Error message: 'DataFrame' object has no attribute 'append'
2023-11-04 17:03:33,427 - ERROR - Error processing the CSV file Data\Colombia 2020\2020\suicidio\edad_judicial.csv. Error message: 'DataFrame' object has no attribute 'append'
2023-11-04 17:03:33,473 - ERROR - Error processing the CSV file Data\Colombia 2020\2020\suicidio\Escenario.csv. Error message: 'DataFrame' object has no attribute 'append'
2023-11-04 17:03:33,512 - ERROR - Error processing the CSV file Data\Colombia 2020\2020\suicidio\Escolaridad.csv. Error message: 'DataFrame' object has no attribute 'append'
2023-11-04 17:03:33,528 - ERROR - Error processing the CSV file Data\Colombia 2020\2020\suicidio\Estado_civil.csv. Error message: 'DataFrame' object has no attribute 'append'
2023-11-04 17:03:33,575 - ERROR - Error processing the CSV file Data\Colombia 2020\2020\suicidio\Factor_Vulneravilidad.csv. Error message: 'DataFrame' object has no attribute 'append'
2023-11-04 17:03:33,606 - ERROR - Error processing the CSV file Data\Colombia 2020\2020\suicidio\Hoja1.csv. Error message: 'DataFrame' object has no attribute 'append'
2023-11-04 17:03:33,625 - ERROR - Error processing the CSV file Data\Colombia 2020\2020\suicidio\Mecanismo_causal.csv. Error message: 'DataFrame' object has no attribute 'append'
2023-11-04 17:03:33,658 - ERROR - Error processing the CSV file Data\Colombia 2020\2020\suicidio\País_de_nacimiento.csv. Error message: 'DataFrame' object has no attribute 'append'
2023-11-04 17:03:33,692 - ERROR - Error processing the CSV file Data\Colombia 2020\2020\suicidio\Razon_de_suicidio.csv. Error message: 'DataFrame' object has no attribute 'append'
2023-11-04 17:03:33,725 - ERROR - Error processing the CSV file Data\Colombia 2020\2020\suicidio\topografia_lesión.csv. Error message: 'DataFrame' object has no attribute 'append'
2023-11-04 17:03:33,743 - ERROR - Error processing the CSV file Data\Colombia 2020\2020\suicidio\Variable_día_hecho.csv. Error message: 'DataFrame' object has no attribute 'append'
2023-11-04 17:03:33,778 - ERROR - Error processing the CSV file Data\Colombia 2020\2020\suicidio\variable_hora.csv. Error message: 'DataFrame' object has no attribute 'append'
2023-11-04 17:03:33,808 - ERROR - Error processing the CSV file Data\Colombia 2020\2020\suicidio\Variable_MesdelHecho.csv. Error message: 'DataFrame' object has no attribute 'append'
2023-11-04 17:03:33,829 - ERROR - Error processing the CSV file Data\Colombia 2020\2020\suicidio\zona_del_hecho.csv. Error message: 'DataFrame' object has no attribute 'append'
2023-11-04 17:03:39,748 - ERROR - Error processing Excel files in Data\DCD-area-proypoblacion-Mun-1995-2004.xlsx. Error: 'DataFrame' object has no attribute 'append'
2023-11-04 17:04:00,185 - ERROR - Error processing Excel files in Data\3. Resultados Saber11\Bases de datos 2019-2022\2019-1.xlsx. Error: 'DataFrame' object has no attribute 'append'
2023-11-04 17:13:17,958 - ERROR - Error processing Excel files in Data\3. Resultados Saber11\Bases de datos 2019-2022\2019-2.xlsx. Error: 'DataFrame' object has no attribute 'append'
2023-11-04 17:13:32,145 - ERROR - Error processing Excel files in Data\3. Resultados Saber11\Bases de datos 2019-2022\2020-1.xlsx. Error: 'DataFrame' object has no attribute 'append'
2023-11-04 17:22:06,676 - ERROR - Error processing Excel files in Data\3. Resultados Saber11\Bases de datos 2019-2022\2020-2.xlsx. Error: 'DataFrame' object has no attribute 'append'
2023-11-04 17:22:21,055 - ERROR - Error processing Excel files in Data\3. Resultados Saber11\Bases de datos 2019-2022\2021-1.xlsx. Error: 'DataFrame' object has no attribute 'append'
